
  .   ____          _            __ _ _
 /\\ / ___'_ __ _ _(_)_ __  __ _ \ \ \ \
( ( )\___ | '_ | '_| | '_ \/ _` | \ \ \ \
 \\/  ___)| |_)| | | | | || (_| |  ) ) ) )
  '  |____| .__|_| |_|_| |_\__, | / / / /
 =========|_|==============|___/=/_/_/_/
 :: Spring Boot ::               (v2.7.17)

2024-01-21 17:50:40.911  INFO 19578 --- [           main] c.g.tricountapi.TricountapiApplication   : Starting TricountapiApplication using Java 17.0.8.1 on AL01980716.local with PID 19578 (/Users/user/Downloads/tricountapi/build/libs/tricountapi-0.0.1-SNAPSHOT.jar started by user in /Users/user/Downloads/tricountapi)
2024-01-21 17:50:40.921  INFO 19578 --- [           main] c.g.tricountapi.TricountapiApplication   : No active profile set, falling back to 1 default profile: "default"
2024-01-21 17:50:43.746  INFO 19578 --- [           main] o.s.b.w.embedded.tomcat.TomcatWebServer  : Tomcat initialized with port(s): 8080 (http)
2024-01-21 17:50:43.770  INFO 19578 --- [           main] o.apache.catalina.core.StandardService   : Starting service [Tomcat]
2024-01-21 17:50:43.770  INFO 19578 --- [           main] org.apache.catalina.core.StandardEngine  : Starting Servlet engine: [Apache Tomcat/9.0.82]
2024-01-21 17:50:43.929  INFO 19578 --- [           main] o.a.c.c.C.[Tomcat].[localhost].[/]       : Initializing Spring embedded WebApplicationContext
2024-01-21 17:50:43.929  INFO 19578 --- [           main] w.s.c.ServletWebServerApplicationContext : Root WebApplicationContext: initialization completed in 2905 ms
2024-01-21 17:50:44.042  INFO 19578 --- [           main] com.zaxxer.hikari.HikariDataSource       : HikariPool-1 - Starting...
2024-01-21 17:50:44.336  INFO 19578 --- [           main] com.zaxxer.hikari.HikariDataSource       : HikariPool-1 - Start completed.
2024-01-21 17:50:44.362  INFO 19578 --- [           main] o.s.b.a.h2.H2ConsoleAutoConfiguration    : H2 console available at '/h2-console'. Database available at 'jdbc:h2:~/tricountapi-db'
2024-01-21 17:50:44.576 DEBUG 19578 --- [           main] o.s.jdbc.datasource.DataSourceUtils      : Fetching JDBC Connection from DataSource
2024-01-21 17:50:44.577 DEBUG 19578 --- [           main] o.s.jdbc.datasource.init.ScriptUtils     : Executing SQL script from URL [jar:file:/Users/user/Downloads/tricountapi/build/libs/tricountapi-0.0.1-SNAPSHOT.jar!/BOOT-INF/classes!/schema.sql]
2024-01-21 17:50:44.584 DEBUG 19578 --- [           main] o.s.jdbc.datasource.init.ScriptUtils     : 0 returned as update count for SQL: drop table if exists expense
2024-01-21 17:50:44.585 DEBUG 19578 --- [           main] o.s.jdbc.datasource.init.ScriptUtils     : 0 returned as update count for SQL: drop table if exists settlement_participant
2024-01-21 17:50:44.586 DEBUG 19578 --- [           main] o.s.jdbc.datasource.init.ScriptUtils     : 0 returned as update count for SQL: drop table if exists settlement
2024-01-21 17:50:44.587 DEBUG 19578 --- [           main] o.s.jdbc.datasource.init.ScriptUtils     : 0 returned as update count for SQL: drop table if exists member
2024-01-21 17:50:44.591 DEBUG 19578 --- [           main] o.s.jdbc.datasource.init.ScriptUtils     : 0 returned as update count for SQL: create table member ( id bigint generated by default as identity, login_id varchar(255), password varchar(255), name varchar(255), primary key (id) )
2024-01-21 17:50:44.592 DEBUG 19578 --- [           main] o.s.jdbc.datasource.init.ScriptUtils     : 0 returned as update count for SQL: create table settlement ( id bigint generated by default as identity, name varchar(255), primary key (id) )
2024-01-21 17:50:44.594 DEBUG 19578 --- [           main] o.s.jdbc.datasource.init.ScriptUtils     : 0 returned as update count for SQL: create table settlement_participant( id bigint generated by default as identity, settlement_id bigint, member_id bigint, primary key (id) )
2024-01-21 17:50:44.594 DEBUG 19578 --- [           main] o.s.jdbc.datasource.init.ScriptUtils     : 0 returned as update count for SQL: create table expense ( id bigint generated by default as identity, name varchar(255), settlement_id bigint, payer_member_id bigint, amount bigint, expense_date_time datetime, primary key (id) )
2024-01-21 17:50:44.596 DEBUG 19578 --- [           main] o.s.jdbc.datasource.init.ScriptUtils     : Executed SQL script from URL [jar:file:/Users/user/Downloads/tricountapi/build/libs/tricountapi-0.0.1-SNAPSHOT.jar!/BOOT-INF/classes!/schema.sql] in 19 ms.
2024-01-21 17:50:44.599 DEBUG 19578 --- [           main] o.s.jdbc.datasource.DataSourceUtils      : Fetching JDBC Connection from DataSource
2024-01-21 17:50:44.599 DEBUG 19578 --- [           main] o.s.jdbc.datasource.init.ScriptUtils     : Executing SQL script from URL [jar:file:/Users/user/Downloads/tricountapi/build/libs/tricountapi-0.0.1-SNAPSHOT.jar!/BOOT-INF/classes!/data.sql]
2024-01-21 17:50:44.605 DEBUG 19578 --- [           main] o.s.jdbc.datasource.init.ScriptUtils     : 1 returned as update count for SQL: INSERT INTO member (login_id, password, name) VALUES ('kim','1234','kim')
2024-01-21 17:50:44.606 DEBUG 19578 --- [           main] o.s.jdbc.datasource.init.ScriptUtils     : 1 returned as update count for SQL: INSERT INTO member (login_id, password, name) VALUES ('choi','1234','choi')
2024-01-21 17:50:44.606 DEBUG 19578 --- [           main] o.s.jdbc.datasource.init.ScriptUtils     : 1 returned as update count for SQL: INSERT INTO member (login_id, password, name) VALUES ('song','1234','song')
2024-01-21 17:50:44.607 DEBUG 19578 --- [           main] o.s.jdbc.datasource.init.ScriptUtils     : 1 returned as update count for SQL: INSERT INTO member (login_id, password, name) VALUES ('lee','1234','lee')
2024-01-21 17:50:44.607 DEBUG 19578 --- [           main] o.s.jdbc.datasource.init.ScriptUtils     : 1 returned as update count for SQL: INSERT INTO settlement (name) VALUES ('testSettlement1')
2024-01-21 17:50:44.608 DEBUG 19578 --- [           main] o.s.jdbc.datasource.init.ScriptUtils     : 1 returned as update count for SQL: INSERT INTO settlement (name) VALUES ('testSettlement2')
2024-01-21 17:50:44.609 DEBUG 19578 --- [           main] o.s.jdbc.datasource.init.ScriptUtils     : 1 returned as update count for SQL: INSERT INTO settlement (name) VALUES ('testSettlement3')
2024-01-21 17:50:44.609 DEBUG 19578 --- [           main] o.s.jdbc.datasource.init.ScriptUtils     : 1 returned as update count for SQL: INSERT INTO settlement (name) VALUES ('testSettlement4')
2024-01-21 17:50:44.610 DEBUG 19578 --- [           main] o.s.jdbc.datasource.init.ScriptUtils     : 1 returned as update count for SQL: INSERT INTO SETTLEMENT_PARTICIPANT (SETTLEMENT_ID, MEMBER_ID ) VALUES (1, 1)
2024-01-21 17:50:44.611 DEBUG 19578 --- [           main] o.s.jdbc.datasource.init.ScriptUtils     : 1 returned as update count for SQL: INSERT INTO SETTLEMENT_PARTICIPANT (SETTLEMENT_ID, MEMBER_ID ) VALUES (1, 2)
2024-01-21 17:50:44.611 DEBUG 19578 --- [           main] o.s.jdbc.datasource.init.ScriptUtils     : 1 returned as update count for SQL: INSERT INTO SETTLEMENT_PARTICIPANT (SETTLEMENT_ID, MEMBER_ID ) VALUES (2, 1)
2024-01-21 17:50:44.612 DEBUG 19578 --- [           main] o.s.jdbc.datasource.init.ScriptUtils     : 1 returned as update count for SQL: INSERT INTO SETTLEMENT_PARTICIPANT (SETTLEMENT_ID, MEMBER_ID ) VALUES (2, 2)
2024-01-21 17:50:44.612 DEBUG 19578 --- [           main] o.s.jdbc.datasource.init.ScriptUtils     : 1 returned as update count for SQL: INSERT INTO SETTLEMENT_PARTICIPANT (SETTLEMENT_ID, MEMBER_ID ) VALUES (2, 3)
2024-01-21 17:50:44.612 DEBUG 19578 --- [           main] o.s.jdbc.datasource.init.ScriptUtils     : 1 returned as update count for SQL: INSERT INTO SETTLEMENT_PARTICIPANT (SETTLEMENT_ID, MEMBER_ID ) VALUES (2, 4)
2024-01-21 17:50:44.613 DEBUG 19578 --- [           main] o.s.jdbc.datasource.init.ScriptUtils     : 1 returned as update count for SQL: INSERT INTO SETTLEMENT_PARTICIPANT (SETTLEMENT_ID, MEMBER_ID ) VALUES (3, 1)
2024-01-21 17:50:44.613 DEBUG 19578 --- [           main] o.s.jdbc.datasource.init.ScriptUtils     : 1 returned as update count for SQL: INSERT INTO SETTLEMENT_PARTICIPANT (SETTLEMENT_ID, MEMBER_ID ) VALUES (3, 2)
2024-01-21 17:50:44.613 DEBUG 19578 --- [           main] o.s.jdbc.datasource.init.ScriptUtils     : 1 returned as update count for SQL: INSERT INTO SETTLEMENT_PARTICIPANT (SETTLEMENT_ID, MEMBER_ID ) VALUES (3, 3)
2024-01-21 17:50:44.613 DEBUG 19578 --- [           main] o.s.jdbc.datasource.init.ScriptUtils     : 1 returned as update count for SQL: INSERT INTO SETTLEMENT_PARTICIPANT (SETTLEMENT_ID, MEMBER_ID ) VALUES (3, 4)
2024-01-21 17:50:44.614 DEBUG 19578 --- [           main] o.s.jdbc.datasource.init.ScriptUtils     : 1 returned as update count for SQL: INSERT INTO SETTLEMENT_PARTICIPANT (SETTLEMENT_ID, MEMBER_ID ) VALUES (4, 1)
2024-01-21 17:50:44.614 DEBUG 19578 --- [           main] o.s.jdbc.datasource.init.ScriptUtils     : 1 returned as update count for SQL: INSERT INTO SETTLEMENT_PARTICIPANT (SETTLEMENT_ID, MEMBER_ID ) VALUES (4, 2)
2024-01-21 17:50:44.614 DEBUG 19578 --- [           main] o.s.jdbc.datasource.init.ScriptUtils     : 1 returned as update count for SQL: INSERT INTO SETTLEMENT_PARTICIPANT (SETTLEMENT_ID, MEMBER_ID ) VALUES (4, 3)
2024-01-21 17:50:44.615 DEBUG 19578 --- [           main] o.s.jdbc.datasource.init.ScriptUtils     : 1 returned as update count for SQL: INSERT INTO expense (name, settlement_id, payer_member_id, amount, expense_date_time) VALUES ('train', 1, 1, 80000, CURRENT_TIMESTAMP())
2024-01-21 17:50:44.616 DEBUG 19578 --- [           main] o.s.jdbc.datasource.init.ScriptUtils     : 1 returned as update count for SQL: INSERT INTO expense (name, settlement_id, payer_member_id, amount, expense_date_time) VALUES ('hotel', 1, 2, 200000, CURRENT_TIMESTAMP())
2024-01-21 17:50:44.617 DEBUG 19578 --- [           main] o.s.jdbc.datasource.init.ScriptUtils     : 1 returned as update count for SQL: INSERT INTO expense (name, settlement_id, payer_member_id, amount, expense_date_time) VALUES ('dinner', 1, 1, 50000, CURRENT_TIMESTAMP())
2024-01-21 17:50:44.617 DEBUG 19578 --- [           main] o.s.jdbc.datasource.init.ScriptUtils     : 1 returned as update count for SQL: INSERT INTO expense (name, settlement_id, payer_member_id, amount, expense_date_time) VALUES ('train', 2, 1, 150000, CURRENT_TIMESTAMP())
2024-01-21 17:50:44.619 DEBUG 19578 --- [           main] o.s.jdbc.datasource.init.ScriptUtils     : 1 returned as update count for SQL: INSERT INTO expense (name, settlement_id, payer_member_id, amount, expense_date_time) VALUES ('hotel', 2, 2, 30000, CURRENT_TIMESTAMP())
2024-01-21 17:50:44.619 DEBUG 19578 --- [           main] o.s.jdbc.datasource.init.ScriptUtils     : 1 returned as update count for SQL: INSERT INTO expense (name, settlement_id, payer_member_id, amount, expense_date_time) VALUES ('dinner', 2, 1, 80000, CURRENT_TIMESTAMP())
2024-01-21 17:50:44.620 DEBUG 19578 --- [           main] o.s.jdbc.datasource.init.ScriptUtils     : 1 returned as update count for SQL: INSERT INTO expense (name, settlement_id, payer_member_id, amount, expense_date_time) VALUES ('dinner', 2, 4, 80000, CURRENT_TIMESTAMP())
2024-01-21 17:50:44.620 DEBUG 19578 --- [           main] o.s.jdbc.datasource.init.ScriptUtils     : 1 returned as update count for SQL: INSERT INTO expense (name, settlement_id, payer_member_id, amount, expense_date_time) VALUES ('train', 3, 1, 100000, CURRENT_TIMESTAMP())
2024-01-21 17:50:44.621 DEBUG 19578 --- [           main] o.s.jdbc.datasource.init.ScriptUtils     : 1 returned as update count for SQL: INSERT INTO expense (name, settlement_id, payer_member_id, amount, expense_date_time) VALUES ('hotel', 3, 2, 100000, CURRENT_TIMESTAMP())
2024-01-21 17:50:44.621 DEBUG 19578 --- [           main] o.s.jdbc.datasource.init.ScriptUtils     : 1 returned as update count for SQL: INSERT INTO expense (name, settlement_id, payer_member_id, amount, expense_date_time) VALUES ('hotel', 3, 2, 200000, CURRENT_TIMESTAMP())
2024-01-21 17:50:44.621 DEBUG 19578 --- [           main] o.s.jdbc.datasource.init.ScriptUtils     : 1 returned as update count for SQL: INSERT INTO expense (name, settlement_id, payer_member_id, amount, expense_date_time) VALUES ('chicken', 4, 1, 100, CURRENT_TIMESTAMP())
2024-01-21 17:50:44.621 DEBUG 19578 --- [           main] o.s.jdbc.datasource.init.ScriptUtils     : Executed SQL script from URL [jar:file:/Users/user/Downloads/tricountapi/build/libs/tricountapi-0.0.1-SNAPSHOT.jar!/BOOT-INF/classes!/data.sql] in 22 ms.
2024-01-21 17:50:45.535  INFO 19578 --- [           main] o.s.b.w.embedded.tomcat.TomcatWebServer  : Tomcat started on port(s): 8080 (http) with context path ''
2024-01-21 17:50:45.557  INFO 19578 --- [           main] c.g.tricountapi.TricountapiApplication   : Started TricountapiApplication in 5.633 seconds (JVM running for 6.506)
2024-01-21 17:50:57.163  INFO 19578 --- [nio-8080-exec-6] o.a.c.c.C.[Tomcat].[localhost].[/]       : Initializing Spring DispatcherServlet 'dispatcherServlet'
2024-01-21 17:50:57.164  INFO 19578 --- [nio-8080-exec-6] o.s.web.servlet.DispatcherServlet        : Initializing Servlet 'dispatcherServlet'
2024-01-21 17:50:57.168  INFO 19578 --- [nio-8080-exec-6] o.s.web.servlet.DispatcherServlet        : Completed initialization in 4 ms
2024-01-21 17:50:59.072  INFO 19578 --- [ionShutdownHook] com.zaxxer.hikari.HikariDataSource       : HikariPool-1 - Shutdown initiated...
2024-01-21 17:50:59.075  INFO 19578 --- [ionShutdownHook] com.zaxxer.hikari.HikariDataSource       : HikariPool-1 - Shutdown completed.
